<?xml version="1.0" encoding="UTF-8"?><testsuite errors="0" failures="1" name="To check Booking Accept and Reject functionality" skipped="0" tests="1" time="2.25" timestamp="2019-01-02 12:15:22"><testcase name="To accept or reject a booking from Ops portal"><failure message="1 expectation failed.&#10;Expected status code &lt;200&gt; but was &lt;400&gt;.&#10;" type="java.lang.AssertionError">1 expectation failed.
Expected status code &lt;200&gt; but was &lt;400&gt;.
</failure><system-err>1 expectation failed.
Expected status code &lt;200&gt; but was &lt;400&gt;.
&#13;
io.restassured.internal.ResponseSpecificationImpl.validateResponseIfRequired(ResponseSpecificationImpl.groovy:636)&#13;
io.restassured.internal.ResponseSpecificationImpl.statusCode(ResponseSpecificationImpl.groovy:122)&#13;
io.restassured.internal.ResponseSpecificationImpl.statusCode(ResponseSpecificationImpl.groovy:130)&#13;
io.restassured.internal.ValidatableResponseOptionsImpl.statusCode(ValidatableResponseOptionsImpl.java:117)&#13;
com.apiautomation.cucumber.steps.newbookingengine.BookingAcceptReject.bookingconfirmation(BookingAcceptReject.java:58)&#13;
✽.Then Booking gets accept reject and should return status 200(BookingAcceptReject.feature:9)&#13;
</system-err></testcase></testsuite>